<?xml version="1.0" encoding="UTF-8"?>
<!-- Generated by org.testng.reporters.JUnitReportReporter -->
<testsuite hostname="kartiks-MacBook-Pro.local" name="com.facebook.testCases.FindFriendTest" tests="2" failures="0" timestamp="21 Jul 2015 20:42:07 GMT" time="8.790" errors="0">
  <testcase name="messageFriend" time="0.000" classname="com.facebook.testCases.FindFriendTest"/>
  <testcase name="findFriend" time="8.790" classname="com.facebook.testCases.FindFriendTest"/>
</testsuite> <!-- com.facebook.testCases.FindFriendTest -->
