<?xml version="1.0" encoding="UTF-8"?>
<!-- Generated by org.testng.reporters.JUnitReportReporter -->
<testsuite hostname="kartiks-MacBook-Pro.local" name="com.facebook.testCases.ChangePicTest" tests="1" failures="0" timestamp="20 Jul 2015 03:09:21 GMT" time="6.600" errors="0">
  <testcase name="changPic" time="6.600" classname="com.facebook.testCases.ChangePicTest"/>
</testsuite> <!-- com.facebook.testCases.ChangePicTest -->
